DEB [20180530-19:18:59.171] thr=1   paramiko.transport: starting thread (client mode): 0x49386dd8
DEB [20180530-19:18:59.218] thr=1   paramiko.transport: Local version/idstring: SSH-2.0-paramiko_2.4.1
DEB [20180530-19:19:00.107] thr=1   paramiko.transport: Remote version/idstring: SSH-2.0-OpenSSH_7.4
INF [20180530-19:19:00.107] thr=1   paramiko.transport: Connected (version 2.0, client OpenSSH_7.4)
DEB [20180530-19:19:00.199] thr=1   paramiko.transport: kex algos:['curve25519-sha256', 'curve25519-sha256@libssh.org', 'ecdh-sha2-nistp256', 'ecdh-sha2-nistp384', 'ecdh-sha2-nistp521', 'diffie-hellman-group-exchange-sha256', 'diffie-hellman-group16-sha512', 'diffie-hellman-group18-sha512', 'diffie-hellman-group-exchange-sha1', 'diffie-hellman-group14-sha256', 'diffie-hellman-group14-sha1', 'diffie-hellman-group1-sha1'] server key:['ssh-rsa', 'rsa-sha2-512', 'rsa-sha2-256', 'ecdsa-sha2-nistp256', 'ssh-ed25519'] client encrypt:['chacha20-poly1305@openssh.com', 'aes128-ctr', 'aes192-ctr', 'aes256-ctr', 'aes128-gcm@openssh.com', 'aes256-gcm@openssh.com', 'aes128-cbc', 'aes192-cbc', 'aes256-cbc', 'blowfish-cbc', 'cast128-cbc', '3des-cbc'] server encrypt:['chacha20-poly1305@openssh.com', 'aes128-ctr', 'aes192-ctr', 'aes256-ctr', 'aes128-gcm@openssh.com', 'aes256-gcm@openssh.com', 'aes128-cbc', 'aes192-cbc', 'aes256-cbc', 'blowfish-cbc', 'cast128-cbc', '3des-cbc'] client mac:['umac-64-etm@openssh.com', 'umac-128-etm@openssh.com', 'hmac-sha2-256-etm@openssh.com', 'hmac-sha2-512-etm@openssh.com', 'hmac-sha1-etm@openssh.com', 'umac-64@openssh.com', 'umac-128@openssh.com', 'hmac-sha2-256', 'hmac-sha2-512', 'hmac-sha1'] server mac:['umac-64-etm@openssh.com', 'umac-128-etm@openssh.com', 'hmac-sha2-256-etm@openssh.com', 'hmac-sha2-512-etm@openssh.com', 'hmac-sha1-etm@openssh.com', 'umac-64@openssh.com', 'umac-128@openssh.com', 'hmac-sha2-256', 'hmac-sha2-512', 'hmac-sha1'] client compress:['none', 'zlib@openssh.com'] server compress:['none', 'zlib@openssh.com'] client lang:[''] server lang:[''] kex follows?False
DEB [20180530-19:19:00.201] thr=1   paramiko.transport: Kex agreed: ecdh-sha2-nistp256
DEB [20180530-19:19:00.201] thr=1   paramiko.transport: HostKey agreed: ssh-ed25519
DEB [20180530-19:19:00.201] thr=1   paramiko.transport: Cipher agreed: aes128-ctr
DEB [20180530-19:19:00.201] thr=1   paramiko.transport: MAC agreed: hmac-sha2-256
DEB [20180530-19:19:00.201] thr=1   paramiko.transport: Compression agreed: none
DEB [20180530-19:19:00.588] thr=1   paramiko.transport: kex engine KexNistp256 specified hash_algo <built-in function openssl_sha256>
DEB [20180530-19:19:00.588] thr=1   paramiko.transport: Switch to new keys ...
DEB [20180530-19:19:09.690] thr=1   paramiko.transport: userauth is OK
INF [20180530-19:19:10.044] thr=1   paramiko.transport: Authentication (password) successful!
DEB [20180530-19:19:10.045] thr=2   paramiko.transport: [chan 0] Max packet in: 32768 bytes
DEB [20180530-19:19:10.913] thr=1   paramiko.transport: Received global request "hostkeys-00@openssh.com"
DEB [20180530-19:19:10.931] thr=1   paramiko.transport: Rejecting "hostkeys-00@openssh.com" global request from server.
DEB [20180530-19:19:10.954] thr=1   paramiko.transport: [chan 0] Max packet out: 32768 bytes
DEB [20180530-19:19:10.954] thr=1   paramiko.transport: Secsh channel 0 opened.
DEB [20180530-19:19:11.089] thr=1   paramiko.transport: [chan 0] Sesch channel 0 request ok
DEB [20180530-19:19:11.095] thr=1   paramiko.transport: [chan 0] Sesch channel 0 request ok
DEB [20180530-19:19:32.426] thr=1   paramiko.transport: EOF in transport thread
DEB [20180530-19:19:43.533] thr=1   paramiko.transport: starting thread (client mode): 0xead71400
DEB [20180530-19:19:43.533] thr=1   paramiko.transport: Local version/idstring: SSH-2.0-paramiko_2.4.1
DEB [20180530-19:19:44.074] thr=1   paramiko.transport: Remote version/idstring: SSH-2.0-OpenSSH_7.4
INF [20180530-19:19:44.076] thr=1   paramiko.transport: Connected (version 2.0, client OpenSSH_7.4)
DEB [20180530-19:19:44.112] thr=1   paramiko.transport: kex algos:['curve25519-sha256', 'curve25519-sha256@libssh.org', 'ecdh-sha2-nistp256', 'ecdh-sha2-nistp384', 'ecdh-sha2-nistp521', 'diffie-hellman-group-exchange-sha256', 'diffie-hellman-group16-sha512', 'diffie-hellman-group18-sha512', 'diffie-hellman-group-exchange-sha1', 'diffie-hellman-group14-sha256', 'diffie-hellman-group14-sha1', 'diffie-hellman-group1-sha1'] server key:['ssh-rsa', 'rsa-sha2-512', 'rsa-sha2-256', 'ecdsa-sha2-nistp256', 'ssh-ed25519'] client encrypt:['chacha20-poly1305@openssh.com', 'aes128-ctr', 'aes192-ctr', 'aes256-ctr', 'aes128-gcm@openssh.com', 'aes256-gcm@openssh.com', 'aes128-cbc', 'aes192-cbc', 'aes256-cbc', 'blowfish-cbc', 'cast128-cbc', '3des-cbc'] server encrypt:['chacha20-poly1305@openssh.com', 'aes128-ctr', 'aes192-ctr', 'aes256-ctr', 'aes128-gcm@openssh.com', 'aes256-gcm@openssh.com', 'aes128-cbc', 'aes192-cbc', 'aes256-cbc', 'blowfish-cbc', 'cast128-cbc', '3des-cbc'] client mac:['umac-64-etm@openssh.com', 'umac-128-etm@openssh.com', 'hmac-sha2-256-etm@openssh.com', 'hmac-sha2-512-etm@openssh.com', 'hmac-sha1-etm@openssh.com', 'umac-64@openssh.com', 'umac-128@openssh.com', 'hmac-sha2-256', 'hmac-sha2-512', 'hmac-sha1'] server mac:['umac-64-etm@openssh.com', 'umac-128-etm@openssh.com', 'hmac-sha2-256-etm@openssh.com', 'hmac-sha2-512-etm@openssh.com', 'hmac-sha1-etm@openssh.com', 'umac-64@openssh.com', 'umac-128@openssh.com', 'hmac-sha2-256', 'hmac-sha2-512', 'hmac-sha1'] client compress:['none', 'zlib@openssh.com'] server compress:['none', 'zlib@openssh.com'] client lang:[''] server lang:[''] kex follows?False
DEB [20180530-19:19:44.112] thr=1   paramiko.transport: Kex agreed: ecdh-sha2-nistp256
DEB [20180530-19:19:44.112] thr=1   paramiko.transport: HostKey agreed: ssh-ed25519
DEB [20180530-19:19:44.112] thr=1   paramiko.transport: Cipher agreed: aes128-ctr
DEB [20180530-19:19:44.112] thr=1   paramiko.transport: MAC agreed: hmac-sha2-256
DEB [20180530-19:19:44.113] thr=1   paramiko.transport: Compression agreed: none
DEB [20180530-19:19:44.188] thr=1   paramiko.transport: kex engine KexNistp256 specified hash_algo <built-in function openssl_sha256>
DEB [20180530-19:19:44.188] thr=1   paramiko.transport: Switch to new keys ...
DEB [20180530-19:19:50.560] thr=1   paramiko.transport: userauth is OK
INF [20180530-19:19:50.981] thr=1   paramiko.transport: Authentication (password) successful!
DEB [20180530-19:19:50.981] thr=2   paramiko.transport: [chan 0] Max packet in: 32768 bytes
DEB [20180530-19:19:51.304] thr=1   paramiko.transport: Received global request "hostkeys-00@openssh.com"
DEB [20180530-19:19:51.304] thr=1   paramiko.transport: Rejecting "hostkeys-00@openssh.com" global request from server.
DEB [20180530-19:19:51.344] thr=1   paramiko.transport: [chan 0] Max packet out: 32768 bytes
DEB [20180530-19:19:51.344] thr=1   paramiko.transport: Secsh channel 0 opened.
DEB [20180530-19:19:51.353] thr=1   paramiko.transport: [chan 0] Sesch channel 0 request ok
DEB [20180530-19:19:51.364] thr=1   paramiko.transport: [chan 0] Sesch channel 0 request ok
